Epoch Statistics - 2025-09-20 14:02:32
================================================================================
Epoch  Train Loss   Train Acc    Val Loss     Val Acc      LR           Time(s) 
--------------------------------------------------------------------------------
1      1.3221       65.64        1.0772       79.12        0.000994     243.8   
2      1.0796       77.08        1.0108       81.50        0.000976     261.3   
3      1.0050       80.28        0.8775       86.26        0.000946     275.1   
4      0.9474       82.54        0.8962       85.72        0.000905     246.1   
5      0.9016       84.64        0.8754       87.02        0.000854     237.3   
6      0.8588       86.43        0.8762       86.26        0.000794     240.4   
7      0.8224       88.22        0.9168       85.45        0.000727     241.0   
8      0.7880       89.92        0.8835       87.07        0.000655     244.6   
9      0.7632       90.72        0.8781       87.51        0.000578     238.5   
10     0.7383       91.95        0.8442       87.89        0.000500     242.1   
11     0.7050       93.33        0.8280       88.86        0.000422     239.0   
12     0.6793       94.57        0.8915       87.24        0.000345     241.2   
13     0.6584       95.21        0.8503       87.56        0.000273     238.0   
14     0.6456       95.74        0.8362       88.16        0.000206     250.9   
15     0.6249       96.94        0.8480       87.78        0.000146     241.3   
16     0.6182       96.99        0.8482       88.10        0.000095     244.2   
17     0.6054       97.56        0.8451       87.67        0.000054     247.5   
18     0.5991       97.92        0.8372       87.94        0.000024     238.7   
19     0.5949       98.05        0.8396       88.37        0.000006     234.5   
20     0.5981       97.95        0.8407       88.53        0.000000     238.6   

================================================================================
Training Summary:
Total training time: 4883.9s (81.4 minutes)
Best validation accuracy: 88.86%
Final training accuracy: 97.95%
Final validation accuracy: 88.53%